Navigation_based_on_activity/app/build/intermediates/manifest_merge_blame_file/debug/manifest-merger-blame-debug-report.txt
1<?xml version="1.0" encoding="utf-8"?>
2<manifest xmlns:android="http://schemas.android.com/apk/res/android"
3    package="com.alexeyyuditsky.test"
4    android:versionCode="1"
5    android:versionName="1.0" >
6
7    <uses-sdk
8        android:minSdkVersion="21"
8-->src\main\AndroidManifest.xml
9        android:targetSdkVersion="31" />
9-->src\main\AndroidManifest.xml
10
11    <application
11-->src\main\AndroidManifest.xml:5:5-37:19
12        android:allowBackup="true"
12-->src\main\AndroidManifest.xml:6:9-35
13        android:appComponentFactory="androidx.core.app.CoreComponentFactory"
13-->[androidx.core:core:1.5.0] AndroidManifest.xml:24:18-86
14        android:debuggable="true"
15        android:icon="@mipmap/ic_launcher"
15-->src\main\AndroidManifest.xml:7:9-43
16        android:label="@string/app_name"
16-->src\main\AndroidManifest.xml:8:9-41
17        android:roundIcon="@mipmap/ic_launcher_round"
17-->src\main\AndroidManifest.xml:9:9-54
18        android:supportsRtl="true"
18-->src\main\AndroidManifest.xml:10:9-35
19        android:testOnly="true"
20        android:theme="@style/Theme.Test" >
20-->src\main\AndroidManifest.xml:11:9-42
21        <activity
21-->src\main\AndroidManifest.xml:12:9-15:58
22            android:name="com.alexeyyuditsky.test.BoxActivity"
22-->src\main\AndroidManifest.xml:13:13-40
23            android:label="Box"
23-->src\main\AndroidManifest.xml:14:13-32
24            android:parentActivityName="com.alexeyyuditsky.test.MainActivity" />
24-->src\main\AndroidManifest.xml:15:13-55
25        <activity
25-->src\main\AndroidManifest.xml:16:9-19:58
26            android:name="com.alexeyyuditsky.test.BoxSelectionActivity"
26-->src\main\AndroidManifest.xml:17:13-49
27            android:label="Box Selection"
27-->src\main\AndroidManifest.xml:18:13-42
28            android:parentActivityName="com.alexeyyuditsky.test.MainActivity" />
28-->src\main\AndroidManifest.xml:19:13-55
29        <activity
29-->src\main\AndroidManifest.xml:20:9-23:58
30            android:name="com.alexeyyuditsky.test.OptionsActivity"
30-->src\main\AndroidManifest.xml:21:13-44
31            android:label="Options"
31-->src\main\AndroidManifest.xml:22:13-36
32            android:parentActivityName="com.alexeyyuditsky.test.MainActivity" />
32-->src\main\AndroidManifest.xml:23:13-55
33        <activity
33-->src\main\AndroidManifest.xml:24:9-27:58
34            android:name="com.alexeyyuditsky.test.AboutActivity"
34-->src\main\AndroidManifest.xml:25:13-42
35            android:label="About"
35-->src\main\AndroidManifest.xml:26:13-34
36            android:parentActivityName="com.alexeyyuditsky.test.MainActivity" />
36-->src\main\AndroidManifest.xml:27:13-55
37        <activity
37-->src\main\AndroidManifest.xml:28:9-36:20
38            android:name="com.alexeyyuditsky.test.MainActivity"
38-->src\main\AndroidManifest.xml:29:13-40
39            android:exported="true" >
39-->src\main\AndroidManifest.xml:30:13-36
40            <intent-filter>
40-->src\main\AndroidManifest.xml:31:13-35:29
41                <action android:name="android.intent.action.MAIN" />
41-->src\main\AndroidManifest.xml:32:17-69
41-->src\main\AndroidManifest.xml:32:25-66
42
43                <category android:name="android.intent.category.LAUNCHER" />
43-->src\main\AndroidManifest.xml:34:17-77
43-->src\main\AndroidManifest.xml:34:27-74
44            </intent-filter>
45        </activity>
46    </application>
47
48</manifest>